<?xml version="1.0" encoding="UTF-8"?>
<!-- Generated by org.testng.reporters.JUnitReportReporter -->
<testsuite hostname="Pavithra-Laptop" failures="0" tests="3" name="com.tarladalal.testcases.TC_Hypothyroidism" time="96.950" errors="0" timestamp="2023-04-22T22:58:29 MST" skipped="0">
  <testcase classname="com.tarladalal.testcases.TC_Hypothyroidism" name="browserlaunch" time="2.596"/>
  <system-out/>
  <testcase classname="com.tarladalal.testcases.TC_Hypothyroidism" name="getRecipeDetails" time="3.865"/>
  <system-out/>
  <testcase classname="com.tarladalal.testcases.TC_Hypothyroidism" name="captureDatainsheet" time="90.489"/>
  <system-out/>
</testsuite> <!-- com.tarladalal.testcases.TC_Hypothyroidism -->
