<?xml version="1.0" encoding="UTF-8"?>
<!-- Generated by org.testng.reporters.JUnitReportReporter -->
<testsuite hostname="Pavithra-Laptop" failures="0" tests="3" name="com.tarladalal.testcases.TC_DiabetesData" time="8.276" errors="0" timestamp="2023-04-19T18:37:06 MST" skipped="0">
  <testcase classname="com.tarladalal.testcases.TC_DiabetesData" name="browserlaunch" time="2.858"/>
  <system-out/>
  <testcase classname="com.tarladalal.testcases.TC_DiabetesData" name="getRecipeDetails" time="5.417"/>
  <system-out/>
  <testcase classname="com.tarladalal.testcases.TC_DiabetesData" name="getDiabeticData" time="0.001"/>
  <system-out/>
</testsuite> <!-- com.tarladalal.testcases.TC_DiabetesData -->
